#
# A fatal error has been detected by the Java Runtime Environment:
#
#  EXCEPTION_ACCESS_VIOLATION (0xc0000005) at pc=0x0000000075421158, pid=14088, tid=9732
#
# JRE version: Java(TM) SE Runtime Environment (8.0_73-b02) (build 1.8.0_73-b02)
# Java VM: Java HotSpot(TM) 64-Bit Server VM (25.73-b02 mixed mode windows-amd64 compressed oops)
# Problematic frame:
# C  [nvoglv64.DLL+0x8d1158]
#
# Failed to write core dump. Minidumps are not enabled by default on client versions of Windows
#
# If you would like to submit a bug report, please visit:
#   http://bugreport.java.com/bugreport/crash.jsp
# The crash happened outside the Java Virtual Machine in native code.
# See problematic frame for where to report the bug.
#

---------------  T H R E A D  ---------------

Current thread (0x0000000020ed2000):  JavaThread "AWT-EventQueue-0" [_thread_in_native, id=9732, stack(0x0000000021db0000,0x0000000021eb0000)]

siginfo: ExceptionCode=0xc0000005, reading address 0x0000000000000000

Registers:
RAX=0x0000000022904be0, RBX=0x0000000000000001, RCX=0x000000001ffe0000, RDX=0x0000000022602170
RSP=0x0000000021eac7f0, RBP=0x0000000000000000, RSI=0x0000000022904be0, RDI=0x000000001ffe0000
R8 =0x0000000000000001, R9 =0x0000000000000000, R10=0x00000000229038e0, R11=0x0000000021eac898
R12=0x0000000000000000, R13=0x0000000021d7b548, R14=0x0000000021eac9c8, R15=0x0000000020ed2000
RIP=0x0000000075421158, EFLAGS=0x0000000000010206

Top of Stack: (sp=0x0000000021eac7f0)
0x0000000021eac7f0:   0000000020ed2000 0000000000000000
0x0000000021eac800:   0000000000000008 0000000000000000
0x0000000021eac810:   0000000000000020 0000000000000008
0x0000000021eac820:   0000000000000000 00007ffc0a3dfb53
0x0000000021eac830:   0000000000000000 0000000000000040
0x0000000021eac840:   0000000021d7b548 0000000021ea0000
0x0000000021eac850:   0000000000000000 0000000000000000
0x0000000021eac860:   0000000021ead498 000000007700d890
0x0000000021eac870:   0000000020ed2000 000000001ffe0000
0x0000000021eac880:   0000000000000000 0000000000000000
0x0000000021eac890:   0000000022904be0 000000007539b266
0x0000000021eac8a0:   000000001ffe0000 0000000022602170
0x0000000021eac8b0:   0000000000000118 0000000000000000
0x0000000021eac8c0:   0000000022904be0 0000000021d7b548
0x0000000021eac8d0:   000000000000091d 0000000003215e34
0x0000000021eac8e0:   0000000000000118 0000000021d7b548 

Instructions: (pc=0x0000000075421158)
0x0000000075421138:   00 4c 8b dc 4d 89 4b 20 49 89 53 10 49 89 4b 08
0x0000000075421148:   56 48 81 ec a0 00 00 00 49 89 6b e8 49 89 7b e0
0x0000000075421158:   41 8b 39 33 c0 48 8b f2 49 63 d0 4d 89 73 c8 4c
0x0000000075421168:   8b b4 24 d0 00 00 00 8b ef 89 7c 24 34 48 89 44 


Register to memory mapping:

RAX=0x0000000022904be0 is an unknown value
RBX=0x0000000000000001 is an unknown value
RCX=0x000000001ffe0000 is an unknown value
RDX=0x0000000022602170 is an unknown value
RSP=0x0000000021eac7f0 is pointing into the stack for thread: 0x0000000020ed2000
RBP=0x0000000000000000 is an unknown value
RSI=0x0000000022904be0 is an unknown value
RDI=0x000000001ffe0000 is an unknown value
R8 =0x0000000000000001 is an unknown value
R9 =0x0000000000000000 is an unknown value
R10=0x00000000229038e0 is an unknown value
R11=0x0000000021eac898 is pointing into the stack for thread: 0x0000000020ed2000
R12=0x0000000000000000 is an unknown value
R13={method} {0x0000000021d7b550} 'dispatch_glDeleteVertexArrays1' '(ILjava/lang/Object;IZJ)V' in 'jogamp/opengl/gl4/GL4bcImpl'
R14=0x0000000021eac9c8 is pointing into the stack for thread: 0x0000000020ed2000
R15=0x0000000020ed2000 is a thread


Stack: [0x0000000021db0000,0x0000000021eb0000],  sp=0x0000000021eac7f0,  free space=1009k
Native frames: (J=compiled Java code, j=interpreted, Vv=VM code, C=native code)

Java frames: (J=compiled Java code, j=interpreted, Vv=VM code)
j  jogamp.opengl.gl4.GL4bcImpl.dispatch_glDeleteVertexArrays1(ILjava/lang/Object;IZJ)V+0
j  jogamp.opengl.gl4.GL4bcImpl.glDeleteVertexArrays(I[II)V+101
j  a3.GLWorld.dispose(Lcom/jogamp/opengl/GLAutoDrawable;)V+17
j  jogamp.opengl.GLDrawableHelper.disposeAllGLEventListener(Lcom/jogamp/opengl/GLAutoDrawable;Z)I+155
j  jogamp.opengl.GLDrawableHelper.disposeGL(Lcom/jogamp/opengl/GLAutoDrawable;Lcom/jogamp/opengl/GLContext;Z)V+119
j  com.jogamp.opengl.awt.GLCanvas$8.run()V+170
j  com.jogamp.opengl.Threading.invoke(ZLjava/lang/Runnable;Ljava/lang/Object;)V+27
j  com.jogamp.opengl.awt.GLCanvas.destroyImpl(Z)V+9
j  com.jogamp.opengl.awt.GLCanvas$2.run()V+5
j  com.jogamp.nativewindow.awt.AWTWindowClosingProtocol$WindowClosingAdapter.windowClosing(Ljava/awt/event/WindowEvent;)V+22
j  java.awt.Window.processWindowEvent(Ljava/awt/event/WindowEvent;)V+68
j  javax.swing.JFrame.processWindowEvent(Ljava/awt/event/WindowEvent;)V+2
j  java.awt.Window.processEvent(Ljava/awt/AWTEvent;)V+69
j  java.awt.Component.dispatchEventImpl(Ljava/awt/AWTEvent;)V+589
j  java.awt.Container.dispatchEventImpl(Ljava/awt/AWTEvent;)V+42
j  java.awt.Window.dispatchEventImpl(Ljava/awt/AWTEvent;)V+19
j  java.awt.Component.dispatchEvent(Ljava/awt/AWTEvent;)V+2
j  java.awt.EventQueue.dispatchEventImpl(Ljava/awt/AWTEvent;Ljava/lang/Object;)V+41
j  java.awt.EventQueue.access$500(Ljava/awt/EventQueue;Ljava/awt/AWTEvent;Ljava/lang/Object;)V+3
j  java.awt.EventQueue$3.run()Ljava/lang/Void;+32
j  java.awt.EventQueue$3.run()Ljava/lang/Object;+1
v  ~StubRoutines::call_stub
j  java.security.AccessController.doPrivileged(Ljava/security/PrivilegedAction;Ljava/security/AccessControlContext;)Ljava/lang/Object;+0
j  java.security.ProtectionDomain$JavaSecurityAccessImpl.doIntersectionPrivilege(Ljava/security/PrivilegedAction;Ljava/security/AccessControlContext;Ljava/security/AccessControlContext;)Ljava/lang/Object;+18
j  java.security.ProtectionDomain$JavaSecurityAccessImpl.doIntersectionPrivilege(Ljava/security/PrivilegedAction;Ljava/security/AccessControlContext;)Ljava/lang/Object;+6
j  java.awt.EventQueue$4.run()Ljava/lang/Void;+11
j  java.awt.EventQueue$4.run()Ljava/lang/Object;+1
v  ~StubRoutines::call_stub
j  java.security.AccessController.doPrivileged(Ljava/security/PrivilegedAction;Ljava/security/AccessControlContext;)Ljava/lang/Object;+0
j  java.security.ProtectionDomain$JavaSecurityAccessImpl.doIntersectionPrivilege(Ljava/security/PrivilegedAction;Ljava/security/AccessControlContext;Ljava/security/AccessControlContext;)Ljava/lang/Object;+18
j  java.awt.EventQueue.dispatchEvent(Ljava/awt/AWTEvent;)V+73
j  java.awt.EventDispatchThread.pumpOneEventForFilters(I)V+245
j  java.awt.EventDispatchThread.pumpEventsForFilter(ILjava/awt/Conditional;Ljava/awt/EventFilter;)V+35
j  java.awt.EventDispatchThread.pumpEventsForHierarchy(ILjava/awt/Conditional;Ljava/awt/Component;)V+11
j  java.awt.EventDispatchThread.pumpEvents(ILjava/awt/Conditional;)V+4
j  java.awt.EventDispatchThread.pumpEvents(Ljava/awt/Conditional;)V+3
j  java.awt.EventDispatchThread.run()V+9
v  ~StubRoutines::call_stub

---------------  P R O C E S S  ---------------

Java Threads: ( => current thread )
  0x0000000003105000 JavaThread "DestroyJavaVM" [_thread_blocked, id=6424, stack(0x0000000003000000,0x0000000003100000)]
  0x0000000020f9e800 JavaThread "D3D Screen Updater" daemon [_thread_blocked, id=11528, stack(0x00000000236a0000,0x00000000237a0000)]
  0x0000000021159000 JavaThread "main-SharedResourceRunner" daemon [_thread_blocked, id=4736, stack(0x00000000220b0000,0x00000000221b0000)]
=>0x0000000020ed2000 JavaThread "AWT-EventQueue-0" [_thread_in_native, id=9732, stack(0x0000000021db0000,0x0000000021eb0000)]
  0x000000001b386000 JavaThread "AWT-Windows" daemon [_thread_in_native, id=15520, stack(0x000000001b9e0000,0x000000001bae0000)]
  0x000000001b3a9800 JavaThread "AWT-Shutdown" [_thread_blocked, id=3756, stack(0x000000001b8e0000,0x000000001b9e0000)]
  0x000000001b38f800 JavaThread "Java2D Disposer" daemon [_thread_blocked, id=1568, stack(0x000000001b790000,0x000000001b890000)]
  0x000000001a328000 JavaThread "Service Thread" daemon [_thread_blocked, id=11688, stack(0x000000001ac60000,0x000000001ad60000)]
  0x000000001a29d000 JavaThread "C1 CompilerThread3" daemon [_thread_blocked, id=13332, stack(0x000000001ab60000,0x000000001ac60000)]
  0x000000001a296800 JavaThread "C2 CompilerThread2" daemon [_thread_blocked, id=12628, stack(0x000000001aa60000,0x000000001ab60000)]
  0x000000001a290800 JavaThread "C2 CompilerThread1" daemon [_thread_blocked, id=5148, stack(0x000000001a960000,0x000000001aa60000)]
  0x000000001a28d000 JavaThread "C2 CompilerThread0" daemon [_thread_blocked, id=15960, stack(0x000000001a860000,0x000000001a960000)]
  0x000000001a28a800 JavaThread "Attach Listener" daemon [_thread_blocked, id=12656, stack(0x000000001a760000,0x000000001a860000)]
  0x000000001819e800 JavaThread "Signal Dispatcher" daemon [_thread_blocked, id=5936, stack(0x000000001a660000,0x000000001a760000)]
  0x00000000031fa800 JavaThread "Finalizer" daemon [_thread_blocked, id=11376, stack(0x000000001a070000,0x000000001a170000)]
  0x000000001818d000 JavaThread "Reference Handler" daemon [_thread_blocked, id=7448, stack(0x0000000019f70000,0x000000001a070000)]

Other Threads:
  0x0000000018189800 VMThread [stack: 0x0000000019e70000,0x0000000019f70000] [id=10700]
  0x000000001a38f000 WatcherThread [stack: 0x000000001ad60000,0x000000001ae60000] [id=1316]

VM state:not at safepoint (normal execution)

VM Mutex/Monitor currently owned by a thread: None

Heap:
 PSYoungGen      total 268800K, used 102437K [0x00000000d5e00000, 0x00000000e6f00000, 0x0000000100000000)
  eden space 262656K, 36% used [0x00000000d5e00000,0x00000000dbc0e6c0,0x00000000e5e80000)
  from space 6144K, 99% used [0x00000000e6600000,0x00000000e6bfad48,0x00000000e6c00000)
  to   space 7680K, 0% used [0x00000000e5e80000,0x00000000e5e80000,0x00000000e6600000)
 ParOldGen       total 87552K, used 4139K [0x0000000081a00000, 0x0000000086f80000, 0x00000000d5e00000)
  object space 87552K, 4% used [0x0000000081a00000,0x0000000081e0ad98,0x0000000086f80000)
 Metaspace       used 15627K, capacity 15804K, committed 16128K, reserved 1062912K
  class space    used 1616K, capacity 1701K, committed 1792K, reserved 1048576K

Card table byte_map: [0x00000000125c0000,0x00000000129c0000] byte_map_base: 0x00000000121b3000

Marking Bits: (ParMarkBitMap*) 0x00000000776f0600
 Begin Bits: [0x0000000013470000, 0x0000000015408000)
 End Bits:   [0x0000000015408000, 0x00000000173a0000)

Polling page: 0x0000000001630000

CodeCache: size=245760Kb used=4534Kb max_used=4534Kb free=241225Kb
 bounds [0x0000000003200000, 0x0000000003680000, 0x0000000012200000]
 total_blobs=1871 nmethods=1057 adapters=727
 compilation: enabled

Compilation events (10 events):
Event: 1.678 Thread 0x000000001a29d000 1053  s    3       java.io.BufferedOutputStream::flush (12 bytes)
Event: 1.678 Thread 0x000000001a29d000 nmethod 1053 0x000000000366f110 code [0x000000000366f2a0, 0x000000000366f798]
Event: 1.678 Thread 0x000000001a29d000 1054       3       java.io.OutputStream::flush (1 bytes)
Event: 1.678 Thread 0x000000001a29d000 nmethod 1054 0x000000000366f910 code [0x000000000366fa60, 0x000000000366fbb0]
Event: 1.678 Thread 0x000000001a29d000 1056       3       java.io.PrintStream::ensureOpen (18 bytes)
Event: 1.678 Thread 0x000000001a29d000 nmethod 1056 0x000000000366fc10 code [0x000000000366fd80, 0x000000000366ffc8]
Event: 1.678 Thread 0x000000001a29d000 1055       3       java.nio.Buffer::clear (20 bytes)
Event: 1.678 Thread 0x000000001a29d000 nmethod 1055 0x0000000003670090 code [0x00000000036701e0, 0x0000000003670350]
Event: 3.285 Thread 0x000000001a29d000 1057       3       java.util.Arrays::copyOf (46 bytes)
Event: 3.285 Thread 0x000000001a29d000 nmethod 1057 0x00000000036703d0 code [0x0000000003670580, 0x0000000003670c28]

GC Heap History (10 events):
Event: 0.351 GC heap before
{Heap before GC invocations=4 (full 0):
 PSYoungGen      total 38400K, used 35641K [0x00000000d5e00000, 0x00000000da900000, 0x0000000100000000)
  eden space 33280K, 100% used [0x00000000d5e00000,0x00000000d7e80000,0x00000000d7e80000)
  from space 5120K, 46% used [0x00000000d7e80000,0x00000000d80ce650,0x00000000d8380000)
  to   space 5120K, 0% used [0x00000000da400000,0x00000000da400000,0x00000000da900000)
 ParOldGen       total 87552K, used 24K [0x0000000081a00000, 0x0000000086f80000, 0x00000000d5e00000)
  object space 87552K, 0% used [0x0000000081a00000,0x0000000081a06000,0x0000000086f80000)
 Metaspace       used 7448K, capacity 7608K, committed 7936K, reserved 1056768K
  class space    used 817K, capacity 898K, committed 1024K, reserved 1048576K
Event: 0.354 GC heap after
Heap after GC invocations=4 (full 0):
 PSYoungGen      total 71680K, used 2699K [0x00000000d5e00000, 0x00000000da900000, 0x0000000100000000)
  eden space 66560K, 0% used [0x00000000d5e00000,0x00000000d5e00000,0x00000000d9f00000)
  from space 5120K, 52% used [0x00000000da400000,0x00000000da6a2eb0,0x00000000da900000)
  to   space 5120K, 0% used [0x00000000d9f00000,0x00000000d9f00000,0x00000000da400000)
 ParOldGen       total 87552K, used 32K [0x0000000081a00000, 0x0000000086f80000, 0x00000000d5e00000)
  object space 87552K, 0% used [0x0000000081a00000,0x0000000081a08000,0x0000000086f80000)
 Metaspace       used 7448K, capacity 7608K, committed 7936K, reserved 1056768K
  class space    used 817K, capacity 898K, committed 1024K, reserved 1048576K
}
Event: 0.382 GC heap before
{Heap before GC invocations=5 (full 0):
 PSYoungGen      total 71680K, used 69259K [0x00000000d5e00000, 0x00000000da900000, 0x0000000100000000)
  eden space 66560K, 100% used [0x00000000d5e00000,0x00000000d9f00000,0x00000000d9f00000)
  from space 5120K, 52% used [0x00000000da400000,0x00000000da6a2eb0,0x00000000da900000)
  to   space 5120K, 0% used [0x00000000d9f00000,0x00000000d9f00000,0x00000000da400000)
 ParOldGen       total 87552K, used 32K [0x0000000081a00000, 0x0000000086f80000, 0x00000000d5e00000)
  object space 87552K, 0% used [0x0000000081a00000,0x0000000081a08000,0x0000000086f80000)
 Metaspace       used 7455K, capacity 7608K, committed 7936K, reserved 1056768K
  class space    used 817K, capacity 898K, committed 1024K, reserved 1048576K
Event: 0.384 GC heap after
Heap after GC invocations=5 (full 0):
 PSYoungGen      total 71680K, used 3408K [0x00000000d5e00000, 0x00000000de700000, 0x0000000100000000)
  eden space 66560K, 0% used [0x00000000d5e00000,0x00000000d5e00000,0x00000000d9f00000)
  from space 5120K, 66% used [0x00000000d9f00000,0x00000000da254150,0x00000000da400000)
  to   space 3584K, 0% used [0x00000000de380000,0x00000000de380000,0x00000000de700000)
 ParOldGen       total 87552K, used 40K [0x0000000081a00000, 0x0000000086f80000, 0x00000000d5e00000)
  object space 87552K, 0% used [0x0000000081a00000,0x0000000081a0a000,0x0000000086f80000)
 Metaspace       used 7455K, capacity 7608K, committed 7936K, reserved 1056768K
  class space    used 817K, capacity 898K, committed 1024K, reserved 1048576K
}
Event: 0.403 GC heap before
{Heap before GC invocations=6 (full 0):
 PSYoungGen      total 71680K, used 69968K [0x00000000d5e00000, 0x00000000de700000, 0x0000000100000000)
  eden space 66560K, 100% used [0x00000000d5e00000,0x00000000d9f00000,0x00000000d9f00000)
  from space 5120K, 66% used [0x00000000d9f00000,0x00000000da254150,0x00000000da400000)
  to   space 3584K, 0% used [0x00000000de380000,0x00000000de380000,0x00000000de700000)
 ParOldGen       total 87552K, used 40K [0x0000000081a00000, 0x0000000086f80000, 0x00000000d5e00000)
  object space 87552K, 0% used [0x0000000081a00000,0x0000000081a0a000,0x0000000086f80000)
 Metaspace       used 7457K, capacity 7672K, committed 7936K, reserved 1056768K
  class space    used 817K, capacity 898K, committed 1024K, reserved 1048576K
Event: 0.406 GC heap after
Heap after GC invocations=6 (full 0):
 PSYoungGen      total 135680K, used 3563K [0x00000000d5e00000, 0x00000000de900000, 0x0000000100000000)
  eden space 132096K, 0% used [0x00000000d5e00000,0x00000000d5e00000,0x00000000ddf00000)
  from space 3584K, 99% used [0x00000000de380000,0x00000000de6fafa8,0x00000000de700000)
  to   space 4608K, 0% used [0x00000000ddf00000,0x00000000ddf00000,0x00000000de380000)
 ParOldGen       total 87552K, used 456K [0x0000000081a00000, 0x0000000086f80000, 0x00000000d5e00000)
  object space 87552K, 0% used [0x0000000081a00000,0x0000000081a72000,0x0000000086f80000)
 Metaspace       used 7457K, capacity 7672K, committed 7936K, reserved 1056768K
  class space    used 817K, capacity 898K, committed 1024K, reserved 1048576K
}
Event: 0.480 GC heap before
{Heap before GC invocations=7 (full 0):
 PSYoungGen      total 135680K, used 135659K [0x00000000d5e00000, 0x00000000de900000, 0x0000000100000000)
  eden space 132096K, 100% used [0x00000000d5e00000,0x00000000ddf00000,0x00000000ddf00000)
  from space 3584K, 99% used [0x00000000de380000,0x00000000de6fafa8,0x00000000de700000)
  to   space 4608K, 0% used [0x00000000ddf00000,0x00000000ddf00000,0x00000000de380000)
 ParOldGen       total 87552K, used 456K [0x0000000081a00000, 0x0000000086f80000, 0x00000000d5e00000)
  object space 87552K, 0% used [0x0000000081a00000,0x0000000081a72000,0x0000000086f80000)
 Metaspace       used 7462K, capacity 7672K, committed 7936K, reserved 1056768K
  class space    used 817K, capacity 898K, committed 1024K, reserved 1048576K
Event: 0.486 GC heap after
Heap after GC invocations=7 (full 0):
 PSYoungGen      total 136704K, used 4590K [0x00000000d5e00000, 0x00000000e6c00000, 0x0000000100000000)
  eden space 132096K, 0% used [0x00000000d5e00000,0x00000000d5e00000,0x00000000ddf00000)
  from space 4608K, 99% used [0x00000000ddf00000,0x00000000de37b870,0x00000000de380000)
  to   space 6144K, 0% used [0x00000000e6600000,0x00000000e6600000,0x00000000e6c00000)
 ParOldGen       total 87552K, used 2386K [0x0000000081a00000, 0x0000000086f80000, 0x00000000d5e00000)
  object space 87552K, 2% used [0x0000000081a00000,0x0000000081c54878,0x0000000086f80000)
 Metaspace       used 7462K, capacity 7672K, committed 7936K, reserved 1056768K
  class space    used 817K, capacity 898K, committed 1024K, reserved 1048576K
}
Event: 0.551 GC heap before
{Heap before GC invocations=8 (full 0):
 PSYoungGen      total 136704K, used 136686K [0x00000000d5e00000, 0x00000000e6c00000, 0x0000000100000000)
  eden space 132096K, 100% used [0x00000000d5e00000,0x00000000ddf00000,0x00000000ddf00000)
  from space 4608K, 99% used [0x00000000ddf00000,0x00000000de37b870,0x00000000de380000)
  to   space 6144K, 0% used [0x00000000e6600000,0x00000000e6600000,0x00000000e6c00000)
 ParOldGen       total 87552K, used 2386K [0x0000000081a00000, 0x0000000086f80000, 0x00000000d5e00000)
  object space 87552K, 2% used [0x0000000081a00000,0x0000000081c54878,0x0000000086f80000)
 Metaspace       used 7467K, capacity 7672K, committed 7936K, reserved 1056768K
  class space    used 817K, capacity 898K, committed 1024K, reserved 1048576K
Event: 0.557 GC heap after
Heap after GC invocations=8 (full 0):
 PSYoungGen      total 268800K, used 6123K [0x00000000d5e00000, 0x00000000e6f00000, 0x0000000100000000)
  eden space 262656K, 0% used [0x00000000d5e00000,0x00000000d5e00000,0x00000000e5e80000)
  from space 6144K, 99% used [0x00000000e6600000,0x00000000e6bfad48,0x00000000e6c00000)
  to   space 7680K, 0% used [0x00000000e5e80000,0x00000000e5e80000,0x00000000e6600000)
 ParOldGen       total 87552K, used 4139K [0x0000000081a00000, 0x0000000086f80000, 0x00000000d5e00000)
  object space 87552K, 4% used [0x0000000081a00000,0x0000000081e0ad98,0x0000000086f80000)
 Metaspace       used 7467K, capacity 7672K, committed 7936K, reserved 1056768K
  class space    used 817K, capacity 898K, committed 1024K, reserved 1048576K
}

Deoptimization events (10 events):
Event: 0.667 Thread 0x0000000003105000 Uncommon trap: reason=unstable_if action=reinterpret pc=0x000000000345222c method=java.util.Arrays.copyOf([Ljava/lang/Object;ILjava/lang/Class;)[Ljava/lang/Object; @ 3
Event: 0.705 Thread 0x0000000003105000 Uncommon trap: reason=class_check action=maybe_recompile pc=0x0000000003445180 method=java.util.regex.Pattern$CharProperty.study(Ljava/util/regex/Pattern$TreeInfo;)Z @ 25
Event: 0.705 Thread 0x0000000003105000 Uncommon trap: reason=class_check action=maybe_recompile pc=0x0000000003445180 method=java.util.regex.Pattern$CharProperty.study(Ljava/util/regex/Pattern$TreeInfo;)Z @ 25
Event: 0.720 Thread 0x0000000003105000 Uncommon trap: reason=unstable_if action=reinterpret pc=0x00000000034405b8 method=java.lang.String.<init>([CII)V @ 18
Event: 0.721 Thread 0x0000000003105000 Uncommon trap: reason=unstable_if action=reinterpret pc=0x00000000033f3528 method=java.lang.String.<init>([CII)V @ 18
Event: 0.721 Thread 0x0000000003105000 Uncommon trap: reason=unstable_if action=reinterpret pc=0x00000000034b7a68 method=java.lang.CharacterDataLatin1.digit(II)I @ 31
Event: 1.428 Thread 0x0000000021159000 Uncommon trap: reason=unstable_if action=reinterpret pc=0x0000000003453474 method=java.lang.String.trim()Ljava/lang/String; @ 23
Event: 1.597 Thread 0x0000000003105000 Uncommon trap: reason=unstable_if action=reinterpret pc=0x000000000362bf70 method=java.lang.reflect.AccessibleObject.setAccessible0(Ljava/lang/reflect/AccessibleObject;Z)V @ 4
Event: 1.599 Thread 0x0000000003105000 Uncommon trap: reason=class_check action=maybe_recompile pc=0x0000000003457544 method=java.util.AbstractCollection.toArray([Ljava/lang/Object;)[Ljava/lang/Object; @ 1
Event: 1.599 Thread 0x0000000003105000 Uncommon trap: reason=class_check action=maybe_recompile pc=0x0000000003457544 method=java.util.AbstractCollection.toArray([Ljava/lang/Object;)[Ljava/lang/Object; @ 1

Internal exceptions (10 events):
Event: 0.116 Thread 0x0000000003105000 Exception <a 'java/io/FileNotFoundException'> (0x00000000d61d1310) thrown at [D:\re\puppet\workspace\8-2-build-windows-amd64-cygwin\jdk8u73\6086\hotspot\src\share\vm\prims\jni.cpp, line 709]
Event: 0.137 Thread 0x0000000003105000 Exception <a 'java/lang/NoSuchFieldError': method resolution failed> (0x00000000d629ec38) thrown at [D:\re\puppet\workspace\8-2-build-windows-amd64-cygwin\jdk8u73\6086\hotspot\src\share\vm\prims\methodHandles.cpp, line 1146]
Event: 0.138 Thread 0x0000000003105000 Exception <a 'java/lang/NoSuchFieldError': method resolution failed> (0x00000000d62ac008) thrown at [D:\re\puppet\workspace\8-2-build-windows-amd64-cygwin\jdk8u73\6086\hotspot\src\share\vm\prims\methodHandles.cpp, line 1146]
Event: 0.170 Thread 0x0000000003105000 Exception <a 'java/io/FileNotFoundException'> (0x00000000d640d5b0) thrown at [D:\re\puppet\workspace\8-2-build-windows-amd64-cygwin\jdk8u73\6086\hotspot\src\share\vm\prims\jni.cpp, line 709]
Event: 0.648 Thread 0x0000000003105000 Implicit null exception at 0x00000000034be031 to 0x00000000034be5e5
Event: 1.606 Thread 0x0000000003105000 Exception <a 'java/lang/reflect/InvocationTargetException'> (0x00000000d9403208) thrown at [D:\re\puppet\workspace\8-2-build-windows-amd64-cygwin\jdk8u73\6086\hotspot\src\share\vm\runtime\reflection.cpp, line 1092]
Event: 1.676 Thread 0x0000000020ed2000 Exception <a 'com/jogamp/opengl/GLException'> (0x00000000d8b7ed08) thrown at [D:\re\puppet\workspace\8-2-build-windows-amd64-cygwin\jdk8u73\6086\hotspot\src\share\vm\prims\jvm.cpp, line 1390]
Event: 1.676 Thread 0x0000000020ed2000 Exception <a 'com/jogamp/opengl/GLException'> (0x00000000d8b7ed08) thrown at [D:\re\puppet\workspace\8-2-build-windows-amd64-cygwin\jdk8u73\6086\hotspot\src\share\vm\prims\jvm.cpp, line 1390]
Event: 1.677 Thread 0x0000000020ed2000 Exception <a 'com/jogamp/opengl/GLException'> (0x00000000d8b8dab8) thrown at [D:\re\puppet\workspace\8-2-build-windows-amd64-cygwin\jdk8u73\6086\hotspot\src\share\vm\prims\jvm.cpp, line 1390]
Event: 1.677 Thread 0x0000000020ed2000 Exception <a 'com/jogamp/opengl/GLException'> (0x00000000d8b8dab8) thrown at [D:\re\puppet\workspace\8-2-build-windows-amd64-cygwin\jdk8u73\6086\hotspot\src\share\vm\prims\jvm.cpp, line 1390]

Events (10 events):
Event: 1.672 loading class java/lang/Throwable$WrappedPrintStream done
Event: 1.673 Thread 0x0000000020fa7800 Thread exited: 0x0000000020fa7800
Event: 1.674 loading class com/jogamp/opengl/util/GLBuffers
Event: 1.674 loading class com/jogamp/opengl/util/GLBuffers done
Event: 1.675 loading class java/nio/HeapFloatBuffer
Event: 1.675 loading class java/nio/HeapFloatBuffer done
Event: 3.789 loading class java/awt/AWTEvent$2
Event: 3.789 loading class java/awt/AWTEvent$2 done
Event: 3.789 loading class sun/reflect/UnsafeBooleanFieldAccessorImpl
Event: 3.789 loading class sun/reflect/UnsafeBooleanFieldAccessorImpl done


Dynamic libraries:
0x00007ff64c880000 - 0x00007ff64c8b7000 	C:\Program Files\Java\jdk1.8.0_73\bin\javaw.exe
0x00007ffc0dba0000 - 0x00007ffc0dd71000 	C:\WINDOWS\SYSTEM32\ntdll.dll
0x00007ffc0d7f0000 - 0x00007ffc0d89b000 	C:\WINDOWS\System32\KERNEL32.DLL
0x00007ffc0a390000 - 0x00007ffc0a5ad000 	C:\WINDOWS\System32\KERNELBASE.dll
0x00007ffc0ca60000 - 0x00007ffc0cb02000 	C:\WINDOWS\System32\ADVAPI32.dll
0x00007ffc0d380000 - 0x00007ffc0d41e000 	C:\WINDOWS\System32\msvcrt.dll
0x00007ffc0cba0000 - 0x00007ffc0cbf9000 	C:\WINDOWS\System32\sechost.dll
0x00007ffc0d8e0000 - 0x00007ffc0da01000 	C:\WINDOWS\System32\RPCRT4.dll
0x00007ffc0b1b0000 - 0x00007ffc0b315000 	C:\WINDOWS\System32\USER32.dll
0x00007ffc0a1e0000 - 0x00007ffc0a1fe000 	C:\WINDOWS\System32\win32u.dll
0x00007ffc0d8a0000 - 0x00007ffc0d8d4000 	C:\WINDOWS\System32\GDI32.dll
0x00007ffc0a200000 - 0x00007ffc0a382000 	C:\WINDOWS\System32\gdi32full.dll
0x00007ffc03bd0000 - 0x00007ffc03e49000 	C:\WINDOWS\WinSxS\amd64_microsoft.windows.common-controls_6595b64144ccf1df_6.0.14393.447_none_42191651c6827bb3\COMCTL32.dll
0x00007ffc0d520000 - 0x00007ffc0d7e7000 	C:\WINDOWS\System32\combase.dll
0x00007ffc0a5b0000 - 0x00007ffc0a6a5000 	C:\WINDOWS\System32\ucrtbase.dll
0x00007ffc0b0c0000 - 0x00007ffc0b12a000 	C:\WINDOWS\System32\bcryptPrimitives.dll
0x00007ffc0ca30000 - 0x00007ffc0ca5e000 	C:\WINDOWS\System32\IMM32.DLL
0x0000000050030000 - 0x0000000050102000 	C:\Program Files\Java\jdk1.8.0_73\jre\bin\msvcr100.dll
0x0000000076ee0000 - 0x0000000077770000 	C:\Program Files\Java\jdk1.8.0_73\jre\bin\server\jvm.dll
0x00007ffc0cb90000 - 0x00007ffc0cb98000 	C:\WINDOWS\System32\PSAPI.DLL
0x00007ffc01030000 - 0x00007ffc01039000 	C:\WINDOWS\SYSTEM32\WSOCK32.dll
0x00007ffc06630000 - 0x00007ffc0663a000 	C:\WINDOWS\SYSTEM32\VERSION.dll
0x00007ffc07fe0000 - 0x00007ffc08003000 	C:\WINDOWS\SYSTEM32\WINMM.dll
0x00007ffc0db30000 - 0x00007ffc0db9a000 	C:\WINDOWS\System32\WS2_32.dll
0x00007ffc07fb0000 - 0x00007ffc07fdb000 	C:\WINDOWS\SYSTEM32\WINMMBASE.dll
0x00007ffc0a090000 - 0x00007ffc0a0d2000 	C:\WINDOWS\System32\cfgmgr32.dll
0x0000000050020000 - 0x000000005002f000 	C:\Program Files\Java\jdk1.8.0_73\jre\bin\verify.dll
0x0000000076eb0000 - 0x0000000076ed9000 	C:\Program Files\Java\jdk1.8.0_73\jre\bin\java.dll
0x0000000050000000 - 0x0000000050016000 	C:\Program Files\Java\jdk1.8.0_73\jre\bin\zip.dll
0x00007ffc0b380000 - 0x00007ffc0c889000 	C:\WINDOWS\System32\SHELL32.dll
0x00007ffc0a6b0000 - 0x00007ffc0ad8a000 	C:\WINDOWS\System32\windows.storage.dll
0x00007ffc0a040000 - 0x00007ffc0a08c000 	C:\WINDOWS\System32\powrprof.dll
0x00007ffc0b320000 - 0x00007ffc0b372000 	C:\WINDOWS\System32\shlwapi.dll
0x00007ffc0a000000 - 0x00007ffc0a00f000 	C:\WINDOWS\System32\kernel.appcore.dll
0x00007ffc0ad90000 - 0x00007ffc0ae39000 	C:\WINDOWS\System32\shcore.dll
0x00007ffc0a010000 - 0x00007ffc0a024000 	C:\WINDOWS\System32\profapi.dll
0x0000000076d10000 - 0x0000000076ea8000 	C:\Program Files\Java\jdk1.8.0_73\jre\bin\awt.dll
0x00007ffc0da10000 - 0x00007ffc0dacf000 	C:\WINDOWS\System32\OLEAUT32.dll
0x00007ffc0a0e0000 - 0x00007ffc0a17c000 	C:\WINDOWS\System32\msvcp_win.dll
0x00007ffc085b0000 - 0x00007ffc0862a000 	C:\WINDOWS\SYSTEM32\apphelp.dll
0x00007ffc07cc0000 - 0x00007ffc07ce6000 	C:\WINDOWS\system32\DWMAPI.DLL
0x00007ffc08690000 - 0x00007ffc08725000 	C:\WINDOWS\system32\uxtheme.dll
0x00007ffc0cdf0000 - 0x00007ffc0cf4b000 	C:\WINDOWS\System32\MSCTF.dll
0x00007ffc0cca0000 - 0x00007ffc0cdd7000 	C:\WINDOWS\System32\ole32.dll
0x00007ffbe94a0000 - 0x00007ffbe962d000 	C:\WINDOWS\system32\d3d9.dll
0x00007ffbcfc30000 - 0x00007ffbd0cf5000 	C:\WINDOWS\System32\DriverStore\FileRepository\nv_dispi.inf_amd64_d3851cb7c8216f9e\nvd3dumx.dll
0x00007ffc06430000 - 0x00007ffc06516000 	C:\Program Files (x86)\NVIDIA Corporation\3D Vision\nvSCPAPI64.dll
0x00007ffc0cf50000 - 0x00007ffc0d379000 	C:\WINDOWS\System32\SETUPAPI.dll
0x00007ffc09ad0000 - 0x00007ffc09ae7000 	C:\WINDOWS\SYSTEM32\CRYPTSP.dll
0x00007ffc099e0000 - 0x00007ffc09a13000 	C:\WINDOWS\system32\rsaenh.dll
0x00007ffc09be0000 - 0x00007ffc09c0b000 	C:\WINDOWS\SYSTEM32\bcrypt.dll
0x00007ffc096d0000 - 0x00007ffc096ef000 	C:\WINDOWS\SYSTEM32\USERENV.dll
0x00007ffc09af0000 - 0x00007ffc09afb000 	C:\WINDOWS\SYSTEM32\CRYPTBASE.dll
0x0000000076cf0000 - 0x0000000076d0a000 	C:\Program Files\Java\jdk1.8.0_73\jre\bin\net.dll
0x00007ffc09860000 - 0x00007ffc098bc000 	C:\WINDOWS\system32\mswsock.dll
0x00007ffc095f0000 - 0x00007ffc09628000 	C:\WINDOWS\SYSTEM32\IPHLPAPI.DLL
0x00007ffc0b1a0000 - 0x00007ffc0b1a8000 	C:\WINDOWS\System32\NSI.dll
0x00007ffc05a90000 - 0x00007ffc05aa6000 	C:\WINDOWS\SYSTEM32\dhcpcsvc6.DLL
0x00007ffc05eb0000 - 0x00007ffc05eca000 	C:\WINDOWS\SYSTEM32\dhcpcsvc.DLL
0x0000000076cd0000 - 0x0000000076ce1000 	C:\Program Files\Java\jdk1.8.0_73\jre\bin\nio.dll
0x00000000637c0000 - 0x00000000637cd000 	C:\Users\Danny\AppData\Local\Temp\jogamp_0000\file_cache\jln6052683541410857895\jln4338898956151932476\natives\windows-amd64\gluegen-rt.dll
0x0000000076cc0000 - 0x0000000076cc7000 	C:\Program Files\Java\jdk1.8.0_73\jre\bin\jawt.dll
0x000000006a440000 - 0x000000006a44d000 	C:\Users\Danny\AppData\Local\Temp\jogamp_0000\file_cache\jln6052683541410857895\jln4338898956151932476\natives\windows-amd64\nativewindow_awt.dll
0x000000006c100000 - 0x000000006c10f000 	C:\Users\Danny\AppData\Local\Temp\jogamp_0000\file_cache\jln6052683541410857895\jln4338898956151932476\natives\windows-amd64\nativewindow_win32.dll
0x00007ffbe53c0000 - 0x00007ffbe54e3000 	C:\WINDOWS\SYSTEM32\OpenGL32.dll
0x00007ffbe8b80000 - 0x00007ffbe8bad000 	C:\WINDOWS\SYSTEM32\GLU32.dll
0x00007ffbe52c0000 - 0x00007ffbe53b7000 	C:\WINDOWS\SYSTEM32\DDRAW.dll
0x00007ffbed960000 - 0x00007ffbed968000 	C:\WINDOWS\SYSTEM32\DCIMAN32.dll
0x0000000064500000 - 0x00000000645b1000 	C:\Users\Danny\AppData\Local\Temp\jogamp_0000\file_cache\jln6052683541410857895\jln4338898956151932476\natives\windows-amd64\jogl_desktop.dll
0x0000000064340000 - 0x00000000643a2000 	C:\Users\Danny\AppData\Local\Temp\jogamp_0000\file_cache\jln6052683541410857895\jln4338898956151932476\natives\windows-amd64\jogl_mobile.dll
0x0000000074b50000 - 0x0000000076cc0000 	C:\WINDOWS\SYSTEM32\nvoglv64.DLL
0x00007ffc07a20000 - 0x00007ffc07a33000 	C:\WINDOWS\SYSTEM32\WTSAPI32.dll
0x00007ffc01730000 - 0x00007ffc018c2000 	C:\WINDOWS\SYSTEM32\Dbghelp.dll
0x00007ffc08cd0000 - 0x00007ffc08cf8000 	C:\WINDOWS\SYSTEM32\DEVOBJ.dll
0x00007ffc0a180000 - 0x00007ffc0a1d5000 	C:\WINDOWS\System32\WINTRUST.dll
0x00007ffc0a030000 - 0x00007ffc0a040000 	C:\WINDOWS\System32\MSASN1.dll
0x00007ffc0aef0000 - 0x00007ffc0b0b9000 	C:\WINDOWS\System32\CRYPT32.dll
0x00007ffc09410000 - 0x00007ffc09442000 	C:\WINDOWS\SYSTEM32\ntmarta.dll
0x00007ffc09170000 - 0x00007ffc091c6000 	C:\WINDOWS\SYSTEM32\WINSTA.dll
0x0000000074b00000 - 0x0000000074b47000 	C:\Program Files\Java\jdk1.8.0_73\jre\bin\fontmanager.dll
0x00007ffc0cc00000 - 0x00007ffc0cc9f000 	C:\WINDOWS\System32\clbcatq.dll

VM Arguments:
jvm_args: -Dfile.encoding=Cp1252 
java_command: a3.Starter
java_class_path (initial): C:\Users\Danny\workspace\a3\bin;C:\Users\Danny\workspace\a1\JOGL\gluegen-rt-android-natives-android-aarch64.jar;C:\Users\Danny\workspace\a1\JOGL\gluegen-rt-android-natives-android-armv6.jar;C:\Users\Danny\workspace\a1\JOGL\gluegen-rt-android-natives-linux-amd64.jar;C:\Users\Danny\workspace\a1\JOGL\gluegen-rt-android-natives-linux-armv6.jar;C:\Users\Danny\workspace\a1\JOGL\gluegen-rt-android-natives-linux-armv6hf.jar;C:\Users\Danny\workspace\a1\JOGL\gluegen-rt-android-natives-linux-i586.jar;C:\Users\Danny\workspace\a1\JOGL\gluegen-rt-android-natives-macosx-universal.jar;C:\Users\Danny\workspace\a1\JOGL\gluegen-rt-android-natives-solaris-amd64.jar;C:\Users\Danny\workspace\a1\JOGL\gluegen-rt-android-natives-solaris-i586.jar;C:\Users\Danny\workspace\a1\JOGL\gluegen-rt-android-natives-windows-amd64.jar;C:\Users\Danny\workspace\a1\JOGL\gluegen-rt-android-natives-windows-i586.jar;C:\Users\Danny\workspace\a1\JOGL\gluegen-rt-android.jar;C:\Users\Danny\workspace\a1\JOGL\gluegen-rt-natives-android-aarch64.jar;C:\Users\Danny\workspace\a1\JOGL\gluegen-rt-natives-android-armv6.jar;C:\Users\Danny\workspace\a1\JOGL\gluegen-rt-natives-linux-amd64.jar;C:\Users\Danny\workspace\a1\JOGL\gluegen-rt-natives-linux-armv6.jar;C:\Users\Danny\workspace\a1\JOGL\gluegen-rt-natives-linux-armv6hf.jar;C:\Users\Danny\workspace\a1\JOGL\gluegen-rt-natives-linux-i586.jar;C:\Users\Danny\workspace\a1\JOGL\gluegen-rt-natives-macosx-universal.jar;C:\Users\Danny\workspace\a1\JOGL\gluegen-rt-natives-solaris-amd64.jar;C:\Users\Danny\workspace\a1\JOGL\gluegen-rt-natives-solaris-i586.jar;C:\Users\Danny\workspace\a1\JOGL\gluegen-rt-natives-windows-amd64.jar;C:\Users\Danny\workspace\a1\JOGL\gluegen-rt-natives-windows-i586.jar;C:\Users\Danny\workspace\a1\JOGL\gluegen-rt.jar;C:\Users\Danny\workspace\a1\JOGL\gluegen-test-util.jar;C:\Users\Danny\workspace\a1\JOGL\gluegen.jar;C:\Users\Danny\workspace\a1\JOGL\joal-android-natives-android-aarch64.jar;C:\Users\Danny\workspace\a1\JOGL\joal-and
Launcher Type: SUN_STANDARD

Environment Variables:
PATH=C:/Program Files/Java/jre1.8.0_77/bin/server;C:/Program Files/Java/jre1.8.0_77/bin;C:/Program Files/Java/jre1.8.0_77/lib/amd64;C:\ProgramData\Oracle\Java\javapath;C:\Program Files\Java\jdk1.8.0_73\bin;C:\Program Files (x86)\NVIDIA Corporation\PhysX\Common;C:\WINDOWS\system32;C:\WINDOWS;C:\WINDOWS\System32\Wbem;C:\WINDOWS\System32\WindowsPowerShell\v1.0\;c:\altera\81\quartus\bin;C:\Program Files\Java\jre1.8.0_73\bin;C:\Users\Danny\AppData\Local\Microsoft\WindowsApps;;C:\Users\Danny\Desktop\eclipse;
USERNAME=Danny
OS=Windows_NT
PROCESSOR_IDENTIFIER=Intel64 Family 6 Model 58 Stepping 9, GenuineIntel



---------------  S Y S T E M  ---------------

OS: Windows 10.0 , 64 bit Build 14393 (10.0.14393.0)

CPU:total 8 (4 cores per cpu, 2 threads per core) family 6 model 58 stepping 9, cmov, cx8, fxsr, mmx, sse, sse2, sse3, ssse3, sse4.1, sse4.2, popcnt, avx, aes, clmul, erms, ht, tsc, tscinvbit, tscinv

Memory: 4k page, physical 8281092k(3888184k free), swap 14364596k(7896548k free)

vm_info: Java HotSpot(TM) 64-Bit Server VM (25.73-b02) for windows-amd64 JRE (1.8.0_73-b02), built on Jan 29 2016 17:38:49 by "java_re" with MS VC++ 10.0 (VS2010)

time: Sat Nov 12 17:09:52 2016
elapsed time: 4 seconds (0d 0h 0m 4s)

